2017-11-1611:22:33[org.springframework.test.context.support.DefaultTestContextBootstrapper][main:0]-[INFO]Loaded default TestExecutionListener class names from location [META-INF/spring.factories]: [org.springframework.test.context.web.ServletTestExecutionListener, org.springframework.test.context.support.DirtiesContextBeforeModesTestExecutionListener, org.springframework.test.context.support.DependencyInjectionTestExecutionListener, org.springframework.test.context.support.DirtiesContextTestExecutionListener, org.springframework.test.context.transaction.TransactionalTestExecutionListener, org.springframework.test.context.jdbc.SqlScriptsTestExecutionListener]
2017-11-1611:22:33[org.springframework.test.context.support.DefaultTestContextBootstrapper][main:72]-[INFO]Using TestExecutionListeners: [org.springframework.test.context.web.ServletTestExecutionListener@3e6fa38a, org.springframework.test.context.support.DirtiesContextBeforeModesTestExecutionListener@66a3ffec, org.springframework.test.context.support.DependencyInjectionTestExecutionListener@77caeb3e, org.springframework.test.context.support.DirtiesContextTestExecutionListener@1e88b3c, org.springframework.test.context.transaction.TransactionalTestExecutionListener@42d80b78, org.springframework.test.context.jdbc.SqlScriptsTestExecutionListener@3bfdc050]
2017-11-1611:22:34[org.springframework.beans.factory.xml.XmlBeanDefinitionReader][main:613]-[INFO]Loading XML bean definitions from class path resource [applicationContext.xml]
2017-11-1611:22:36[org.springframework.context.support.GenericApplicationContext][main:2426]-[INFO]Refreshing org.springframework.context.support.GenericApplicationContext@617faa95: startup date [Thu Nov 16 11:22:36 CST 2017]; root of context hierarchy
2017-11-1611:22:36[org.mybatis.spring.mapper.ClassPathMapperScanner][main:2891]-[WARN]No MyBatis mapper was found in '[com.qf.wobb.dao.mybatis]' package. Please check your configuration.
2017-11-1611:22:36[org.springframework.beans.factory.config.PropertyPlaceholderConfigurer][main:2904]-[INFO]Loading properties file from class path resource [init.properties]
2017-11-1611:22:37[com.mchange.v2.log.MLog][MLog-Init-Reporter:3293]-[INFO]MLog clients using slf4j logging.
2017-11-1611:22:38[com.mchange.v2.c3p0.C3P0Registry][main:4626]-[INFO]Initializing c3p0-0.9.5-pre10 [built 06-November-2014 02:02:55 -0800; debug? true; trace: 10]
2017-11-1611:22:39[org.hibernate.Version][main:5537]-[INFO]HHH000412: Hibernate Core {5.2.10.Final}
2017-11-1611:22:39[org.hibernate.cfg.Environment][main:5546]-[INFO]HHH000206: hibernate.properties not found
2017-11-1611:22:39[org.hibernate.annotations.common.Version][main:5724]-[INFO]HCANN000001: Hibernate Commons Annotations {5.0.1.Final}
2017-11-1611:22:39[com.mchange.v2.c3p0.impl.AbstractPoolBackedDataSource][main:6078]-[INFO]Initializing c3p0 pool... com.mchange.v2.c3p0.ComboPooledDataSource [ acquireIncrement -> 5, acquireRetryAttempts -> 30, acquireRetryDelay -> 1000, autoCommitOnClose -> false, automaticTestTable -> null, breakAfterAcquireFailure -> false, checkoutTimeout -> 30000, connectionCustomizerClassName -> null, connectionTesterClassName -> com.mchange.v2.c3p0.impl.DefaultConnectionTester, contextClassLoaderSource -> caller, dataSourceName -> 2s6m469r1i2asso49wc4f|6ca18a14, debugUnreturnedConnectionStackTraces -> false, description -> null, driverClass -> com.mysql.jdbc.Driver, extensions -> {}, factoryClassLocation -> null, forceIgnoreUnresolvedTransactions -> false, forceUseNamedDriverClass -> false, identityToken -> 2s6m469r1i2asso49wc4f|6ca18a14, idleConnectionTestPeriod -> 30, initialPoolSize -> 5, jdbcUrl -> jdbc:mysql://127.0.0.1:3306/lvyou12?useUnicode=true&characterEncoding=utf-8, maxAdministrativeTaskTime -> 0, maxConnectionAge -> 0, maxIdleTime -> 30, maxIdleTimeExcessConnections -> 0, maxPoolSize -> 20, maxStatements -> 0, maxStatementsPerConnection -> 0, minPoolSize -> 5, numHelperThreads -> 3, preferredTestQuery -> null, privilegeSpawnedThreads -> false, properties -> {user=******, password=******}, propertyCycle -> 0, statementCacheNumDeferredCloseThreads -> 0, testConnectionOnCheckin -> false, testConnectionOnCheckout -> false, unreturnedConnectionTimeout -> 0, userOverrides -> {}, usesTraditionalReflectiveProxies -> false ]
2017-11-1611:22:40[org.hibernate.dialect.Dialect][main:6894]-[INFO]HHH000400: Using dialect: org.hibernate.dialect.MySQL5InnoDBDialect
2017-11-1611:22:40[org.hibernate.engine.jdbc.env.internal.LobCreatorBuilderImpl][main:7051]-[INFO]HHH000423: Disabling contextual LOB creation as JDBC driver reported JDBC version [3] less than 4
2017-11-1611:22:44[org.springframework.orm.hibernate5.HibernateTransactionManager][main:10673]-[INFO]Using DataSource [com.mchange.v2.c3p0.ComboPooledDataSource[ identityToken -> 2s6m469r1i2asso49wc4f|6ca18a14, dataSourceName -> 2s6m469r1i2asso49wc4f|6ca18a14 ]] of Hibernate SessionFactory for HibernateTransactionManager
2017-11-1611:22:45[org.springframework.test.context.transaction.TransactionContext][main:11288]-[INFO]Began transaction (1) for test context [DefaultTestContext@6850b758 testClass = TestGuestDao, testInstance = com.qfedu.lvyou.test.TestGuestDao@2a2ef072, testMethod = test01@TestGuestDao, testException = [null], mergedContextConfiguration = [MergedContextConfiguration@3b9632d1 testClass = TestGuestDao, locations = '{classpath:applicationContext.xml}', classes = '{}', contextInitializerClasses = '[]', activeProfiles = '{}', propertySourceLocations = '{}', propertySourceProperties = '{}', contextLoader = 'org.springframework.test.context.support.DelegatingSmartContextLoader', parent = [null]]]; transaction manager [org.springframework.orm.hibernate5.HibernateTransactionManager@704641e3]; rollback [false]
2017-11-1611:22:45[org.hibernate.hql.internal.QueryTranslatorFactoryInitiator][main:11351]-[INFO]HHH000397: Using ASTQueryTranslatorFactory
2017-11-1611:22:45[org.springframework.test.context.TestContextManager][main:11744]-[WARN]Caught exception while allowing TestExecutionListener [org.springframework.test.context.transaction.TransactionalTestExecutionListener@42d80b78] to process 'after' execution for test: method [public void com.qfedu.lvyou.test.TestGuestDao.test01()], instance [com.qfedu.lvyou.test.TestGuestDao@2a2ef072], exception [javax.persistence.PersistenceException: org.hibernate.HibernateException: identifier of an instance of com.qfedu.lvyou.model.Guest was altered from guest01 to guest02]
org.springframework.transaction.UnexpectedRollbackException: Transaction rolled back because it has been marked as rollback-only
	at org.springframework.transaction.support.AbstractPlatformTransactionManager.commit(AbstractPlatformTransactionManager.java:724)
	at org.springframework.test.context.transaction.TransactionContext.endTransaction(TransactionContext.java:128)
	at org.springframework.test.context.transaction.TransactionalTestExecutionListener.afterTestMethod(TransactionalTestExecutionListener.java:224)
	at org.springframework.test.context.TestContextManager.afterTestMethod(TestContextManager.java:313)
	at org.springframework.test.context.junit4.statements.RunAfterTestMethodCallbacks.evaluate(RunAfterTestMethodCallbacks.java:94)
	at org.springframework.test.context.junit4.statements.SpringRepeat.evaluate(SpringRepeat.java:84)
	at org.junit.runners.ParentRunner.runLeaf(ParentRunner.java:263)
	at org.springframework.test.context.junit4.SpringJUnit4ClassRunner.runChild(SpringJUnit4ClassRunner.java:254)
	at org.springframework.test.context.junit4.SpringJUnit4ClassRunner.runChild(SpringJUnit4ClassRunner.java:89)
	at org.junit.runners.ParentRunner$3.run(ParentRunner.java:231)
	at org.junit.runners.ParentRunner$1.schedule(ParentRunner.java:60)
	at org.junit.runners.ParentRunner.runChildren(ParentRunner.java:229)
	at org.junit.runners.ParentRunner.access$000(ParentRunner.java:50)
	at org.junit.runners.ParentRunner$2.evaluate(ParentRunner.java:222)
	at org.springframework.test.context.junit4.statements.RunBeforeTestClassCallbacks.evaluate(RunBeforeTestClassCallbacks.java:61)
	at org.springframework.test.context.junit4.statements.RunAfterTestClassCallbacks.evaluate(RunAfterTestClassCallbacks.java:70)
	at org.junit.runners.ParentRunner.run(ParentRunner.java:292)
	at org.springframework.test.context.junit4.SpringJUnit4ClassRunner.run(SpringJUnit4ClassRunner.java:193)
	at org.eclipse.jdt.internal.junit4.runner.JUnit4TestReference.run(JUnit4TestReference.java:86)
	at org.eclipse.jdt.internal.junit.runner.TestExecution.run(TestExecution.java:38)
	at org.eclipse.jdt.internal.junit.runner.RemoteTestRunner.runTests(RemoteTestRunner.java:459)
	at org.eclipse.jdt.internal.junit.runner.RemoteTestRunner.runTests(RemoteTestRunner.java:678)
	at org.eclipse.jdt.internal.junit.runner.RemoteTestRunner.run(RemoteTestRunner.java:382)
	at org.eclipse.jdt.internal.junit.runner.RemoteTestRunner.main(RemoteTestRunner.java:192)
2017-11-1611:22:45[org.springframework.context.support.GenericApplicationContext][Thread-6:11811]-[INFO]Closing org.springframework.context.support.GenericApplicationContext@617faa95: startup date [Thu Nov 16 11:22:36 CST 2017]; root of context hierarchy
2017-11-1611:25:57[org.springframework.test.context.support.DefaultTestContextBootstrapper][main:0]-[INFO]Loaded default TestExecutionListener class names from location [META-INF/spring.factories]: [org.springframework.test.context.web.ServletTestExecutionListener, org.springframework.test.context.support.DirtiesContextBeforeModesTestExecutionListener, org.springframework.test.context.support.DependencyInjectionTestExecutionListener, org.springframework.test.context.support.DirtiesContextTestExecutionListener, org.springframework.test.context.transaction.TransactionalTestExecutionListener, org.springframework.test.context.jdbc.SqlScriptsTestExecutionListener]
2017-11-1611:25:57[org.springframework.test.context.support.DefaultTestContextBootstrapper][main:27]-[INFO]Using TestExecutionListeners: [org.springframework.test.context.web.ServletTestExecutionListener@3e6fa38a, org.springframework.test.context.support.DirtiesContextBeforeModesTestExecutionListener@66a3ffec, org.springframework.test.context.support.DependencyInjectionTestExecutionListener@77caeb3e, org.springframework.test.context.support.DirtiesContextTestExecutionListener@1e88b3c, org.springframework.test.context.transaction.TransactionalTestExecutionListener@42d80b78, org.springframework.test.context.jdbc.SqlScriptsTestExecutionListener@3bfdc050]
2017-11-1611:25:58[org.springframework.beans.factory.xml.XmlBeanDefinitionReader][main:206]-[INFO]Loading XML bean definitions from class path resource [applicationContext.xml]
2017-11-1611:25:58[org.springframework.context.support.GenericApplicationContext][main:711]-[INFO]Refreshing org.springframework.context.support.GenericApplicationContext@617faa95: startup date [Thu Nov 16 11:25:58 CST 2017]; root of context hierarchy
2017-11-1611:25:58[org.mybatis.spring.mapper.ClassPathMapperScanner][main:986]-[WARN]No MyBatis mapper was found in '[com.qf.wobb.dao.mybatis]' package. Please check your configuration.
2017-11-1611:25:58[org.springframework.beans.factory.config.PropertyPlaceholderConfigurer][main:1001]-[INFO]Loading properties file from class path resource [init.properties]
2017-11-1611:25:59[com.mchange.v2.log.MLog][MLog-Init-Reporter:1135]-[INFO]MLog clients using slf4j logging.
2017-11-1611:25:59[com.mchange.v2.c3p0.C3P0Registry][main:1462]-[INFO]Initializing c3p0-0.9.5-pre10 [built 06-November-2014 02:02:55 -0800; debug? true; trace: 10]
2017-11-1611:25:59[org.hibernate.Version][main:1788]-[INFO]HHH000412: Hibernate Core {5.2.10.Final}
2017-11-1611:25:59[org.hibernate.cfg.Environment][main:1790]-[INFO]HHH000206: hibernate.properties not found
2017-11-1611:25:59[org.hibernate.annotations.common.Version][main:1853]-[INFO]HCANN000001: Hibernate Commons Annotations {5.0.1.Final}
2017-11-1611:25:59[com.mchange.v2.c3p0.impl.AbstractPoolBackedDataSource][main:2041]-[INFO]Initializing c3p0 pool... com.mchange.v2.c3p0.ComboPooledDataSource [ acquireIncrement -> 5, acquireRetryAttempts -> 30, acquireRetryDelay -> 1000, autoCommitOnClose -> false, automaticTestTable -> null, breakAfterAcquireFailure -> false, checkoutTimeout -> 30000, connectionCustomizerClassName -> null, connectionTesterClassName -> com.mchange.v2.c3p0.impl.DefaultConnectionTester, contextClassLoaderSource -> caller, dataSourceName -> 2s6m469r1i2f4cmvm02f9|6ca18a14, debugUnreturnedConnectionStackTraces -> false, description -> null, driverClass -> com.mysql.jdbc.Driver, extensions -> {}, factoryClassLocation -> null, forceIgnoreUnresolvedTransactions -> false, forceUseNamedDriverClass -> false, identityToken -> 2s6m469r1i2f4cmvm02f9|6ca18a14, idleConnectionTestPeriod -> 30, initialPoolSize -> 5, jdbcUrl -> jdbc:mysql://127.0.0.1:3306/lvyou12?useUnicode=true&characterEncoding=utf-8, maxAdministrativeTaskTime -> 0, maxConnectionAge -> 0, maxIdleTime -> 30, maxIdleTimeExcessConnections -> 0, maxPoolSize -> 20, maxStatements -> 0, maxStatementsPerConnection -> 0, minPoolSize -> 5, numHelperThreads -> 3, preferredTestQuery -> null, privilegeSpawnedThreads -> false, properties -> {user=******, password=******}, propertyCycle -> 0, statementCacheNumDeferredCloseThreads -> 0, testConnectionOnCheckin -> false, testConnectionOnCheckout -> false, unreturnedConnectionTimeout -> 0, userOverrides -> {}, usesTraditionalReflectiveProxies -> false ]
2017-11-1611:26:00[org.hibernate.dialect.Dialect][main:2437]-[INFO]HHH000400: Using dialect: org.hibernate.dialect.MySQL5InnoDBDialect
2017-11-1611:26:00[org.hibernate.engine.jdbc.env.internal.LobCreatorBuilderImpl][main:2493]-[INFO]HHH000423: Disabling contextual LOB creation as JDBC driver reported JDBC version [3] less than 4
2017-11-1611:26:03[org.springframework.orm.hibernate5.HibernateTransactionManager][main:5882]-[INFO]Using DataSource [com.mchange.v2.c3p0.ComboPooledDataSource[ identityToken -> 2s6m469r1i2f4cmvm02f9|6ca18a14, dataSourceName -> 2s6m469r1i2f4cmvm02f9|6ca18a14 ]] of Hibernate SessionFactory for HibernateTransactionManager
2017-11-1611:26:04[org.springframework.test.context.transaction.TransactionContext][main:6392]-[INFO]Began transaction (1) for test context [DefaultTestContext@5d7ca698 testClass = TestGuestDao, testInstance = com.qfedu.lvyou.test.TestGuestDao@75961f16, testMethod = test01@TestGuestDao, testException = [null], mergedContextConfiguration = [MergedContextConfiguration@336880df testClass = TestGuestDao, locations = '{classpath:applicationContext.xml}', classes = '{}', contextInitializerClasses = '[]', activeProfiles = '{}', propertySourceLocations = '{}', propertySourceProperties = '{}', contextLoader = 'org.springframework.test.context.support.DelegatingSmartContextLoader', parent = [null]]]; transaction manager [org.springframework.orm.hibernate5.HibernateTransactionManager@c6c82aa]; rollback [false]
2017-11-1611:26:04[org.hibernate.hql.internal.QueryTranslatorFactoryInitiator][main:6458]-[INFO]HHH000397: Using ASTQueryTranslatorFactory
2017-11-1611:26:04[org.springframework.test.context.TestContextManager][main:6901]-[WARN]Caught exception while allowing TestExecutionListener [org.springframework.test.context.transaction.TransactionalTestExecutionListener@42d80b78] to process 'after' execution for test: method [public void com.qfedu.lvyou.test.TestGuestDao.test01()], instance [com.qfedu.lvyou.test.TestGuestDao@75961f16], exception [javax.persistence.PersistenceException: org.hibernate.HibernateException: identifier of an instance of com.qfedu.lvyou.model.Guest was altered from guest01 to guest02]
org.springframework.transaction.UnexpectedRollbackException: Transaction rolled back because it has been marked as rollback-only
	at org.springframework.transaction.support.AbstractPlatformTransactionManager.commit(AbstractPlatformTransactionManager.java:724)
	at org.springframework.test.context.transaction.TransactionContext.endTransaction(TransactionContext.java:128)
	at org.springframework.test.context.transaction.TransactionalTestExecutionListener.afterTestMethod(TransactionalTestExecutionListener.java:224)
	at org.springframework.test.context.TestContextManager.afterTestMethod(TestContextManager.java:313)
	at org.springframework.test.context.junit4.statements.RunAfterTestMethodCallbacks.evaluate(RunAfterTestMethodCallbacks.java:94)
	at org.springframework.test.context.junit4.statements.SpringRepeat.evaluate(SpringRepeat.java:84)
	at org.junit.runners.ParentRunner.runLeaf(ParentRunner.java:263)
	at org.springframework.test.context.junit4.SpringJUnit4ClassRunner.runChild(SpringJUnit4ClassRunner.java:254)
	at org.springframework.test.context.junit4.SpringJUnit4ClassRunner.runChild(SpringJUnit4ClassRunner.java:89)
	at org.junit.runners.ParentRunner$3.run(ParentRunner.java:231)
	at org.junit.runners.ParentRunner$1.schedule(ParentRunner.java:60)
	at org.junit.runners.ParentRunner.runChildren(ParentRunner.java:229)
	at org.junit.runners.ParentRunner.access$000(ParentRunner.java:50)
	at org.junit.runners.ParentRunner$2.evaluate(ParentRunner.java:222)
	at org.springframework.test.context.junit4.statements.RunBeforeTestClassCallbacks.evaluate(RunBeforeTestClassCallbacks.java:61)
	at org.springframework.test.context.junit4.statements.RunAfterTestClassCallbacks.evaluate(RunAfterTestClassCallbacks.java:70)
	at org.junit.runners.ParentRunner.run(ParentRunner.java:292)
	at org.springframework.test.context.junit4.SpringJUnit4ClassRunner.run(SpringJUnit4ClassRunner.java:193)
	at org.eclipse.jdt.internal.junit4.runner.JUnit4TestReference.run(JUnit4TestReference.java:86)
	at org.eclipse.jdt.internal.junit.runner.TestExecution.run(TestExecution.java:38)
	at org.eclipse.jdt.internal.junit.runner.RemoteTestRunner.runTests(RemoteTestRunner.java:459)
	at org.eclipse.jdt.internal.junit.runner.RemoteTestRunner.runTests(RemoteTestRunner.java:678)
	at org.eclipse.jdt.internal.junit.runner.RemoteTestRunner.run(RemoteTestRunner.java:382)
	at org.eclipse.jdt.internal.junit.runner.RemoteTestRunner.main(RemoteTestRunner.java:192)
2017-11-1611:26:04[org.springframework.context.support.GenericApplicationContext][Thread-6:6987]-[INFO]Closing org.springframework.context.support.GenericApplicationContext@617faa95: startup date [Thu Nov 16 11:25:58 CST 2017]; root of context hierarchy
2017-11-1611:30:48[org.springframework.test.context.support.DefaultTestContextBootstrapper][main:0]-[INFO]Loaded default TestExecutionListener class names from location [META-INF/spring.factories]: [org.springframework.test.context.web.ServletTestExecutionListener, org.springframework.test.context.support.DirtiesContextBeforeModesTestExecutionListener, org.springframework.test.context.support.DependencyInjectionTestExecutionListener, org.springframework.test.context.support.DirtiesContextTestExecutionListener, org.springframework.test.context.transaction.TransactionalTestExecutionListener, org.springframework.test.context.jdbc.SqlScriptsTestExecutionListener]
2017-11-1611:30:48[org.springframework.test.context.support.DefaultTestContextBootstrapper][main:119]-[INFO]Using TestExecutionListeners: [org.springframework.test.context.web.ServletTestExecutionListener@3e6fa38a, org.springframework.test.context.support.DirtiesContextBeforeModesTestExecutionListener@66a3ffec, org.springframework.test.context.support.DependencyInjectionTestExecutionListener@77caeb3e, org.springframework.test.context.support.DirtiesContextTestExecutionListener@1e88b3c, org.springframework.test.context.transaction.TransactionalTestExecutionListener@42d80b78, org.springframework.test.context.jdbc.SqlScriptsTestExecutionListener@3bfdc050]
2017-11-1611:30:48[org.springframework.beans.factory.xml.XmlBeanDefinitionReader][main:545]-[INFO]Loading XML bean definitions from class path resource [applicationContext.xml]
2017-11-1611:30:50[org.springframework.context.support.GenericApplicationContext][main:2413]-[INFO]Refreshing org.springframework.context.support.GenericApplicationContext@617faa95: startup date [Thu Nov 16 11:30:50 CST 2017]; root of context hierarchy
2017-11-1611:30:51[org.mybatis.spring.mapper.ClassPathMapperScanner][main:2848]-[WARN]No MyBatis mapper was found in '[com.qf.wobb.dao.mybatis]' package. Please check your configuration.
2017-11-1611:30:51[org.springframework.beans.factory.config.PropertyPlaceholderConfigurer][main:2859]-[INFO]Loading properties file from class path resource [init.properties]
2017-11-1611:30:51[com.mchange.v2.log.MLog][MLog-Init-Reporter:3292]-[INFO]MLog clients using slf4j logging.
2017-11-1611:30:53[com.mchange.v2.c3p0.C3P0Registry][main:4692]-[INFO]Initializing c3p0-0.9.5-pre10 [built 06-November-2014 02:02:55 -0800; debug? true; trace: 10]
2017-11-1611:30:54[org.hibernate.Version][main:5637]-[INFO]HHH000412: Hibernate Core {5.2.10.Final}
2017-11-1611:30:54[org.hibernate.cfg.Environment][main:5640]-[INFO]HHH000206: hibernate.properties not found
2017-11-1611:30:54[org.hibernate.annotations.common.Version][main:5825]-[INFO]HCANN000001: Hibernate Commons Annotations {5.0.1.Final}
2017-11-1611:30:54[com.mchange.v2.c3p0.impl.AbstractPoolBackedDataSource][main:6253]-[INFO]Initializing c3p0 pool... com.mchange.v2.c3p0.ComboPooledDataSource [ acquireIncrement -> 5, acquireRetryAttempts -> 30, acquireRetryDelay -> 1000, autoCommitOnClose -> false, automaticTestTable -> null, breakAfterAcquireFailure -> false, checkoutTimeout -> 30000, connectionCustomizerClassName -> null, connectionTesterClassName -> com.mchange.v2.c3p0.impl.DefaultConnectionTester, contextClassLoaderSource -> caller, dataSourceName -> 2s6m469r1i2lefy1jnrh3m|6ca18a14, debugUnreturnedConnectionStackTraces -> false, description -> null, driverClass -> com.mysql.jdbc.Driver, extensions -> {}, factoryClassLocation -> null, forceIgnoreUnresolvedTransactions -> false, forceUseNamedDriverClass -> false, identityToken -> 2s6m469r1i2lefy1jnrh3m|6ca18a14, idleConnectionTestPeriod -> 30, initialPoolSize -> 5, jdbcUrl -> jdbc:mysql://127.0.0.1:3306/lvyou12?useUnicode=true&characterEncoding=utf-8, maxAdministrativeTaskTime -> 0, maxConnectionAge -> 0, maxIdleTime -> 30, maxIdleTimeExcessConnections -> 0, maxPoolSize -> 20, maxStatements -> 0, maxStatementsPerConnection -> 0, minPoolSize -> 5, numHelperThreads -> 3, preferredTestQuery -> null, privilegeSpawnedThreads -> false, properties -> {user=******, password=******}, propertyCycle -> 0, statementCacheNumDeferredCloseThreads -> 0, testConnectionOnCheckin -> false, testConnectionOnCheckout -> false, unreturnedConnectionTimeout -> 0, userOverrides -> {}, usesTraditionalReflectiveProxies -> false ]
2017-11-1611:30:55[org.hibernate.dialect.Dialect][main:6849]-[INFO]HHH000400: Using dialect: org.hibernate.dialect.MySQL5InnoDBDialect
2017-11-1611:30:55[org.hibernate.engine.jdbc.env.internal.LobCreatorBuilderImpl][main:6941]-[INFO]HHH000423: Disabling contextual LOB creation as JDBC driver reported JDBC version [3] less than 4
2017-11-1611:30:58[org.springframework.orm.hibernate5.HibernateTransactionManager][main:9929]-[INFO]Using DataSource [com.mchange.v2.c3p0.ComboPooledDataSource[ identityToken -> 2s6m469r1i2lefy1jnrh3m|6ca18a14, dataSourceName -> 2s6m469r1i2lefy1jnrh3m|6ca18a14 ]] of Hibernate SessionFactory for HibernateTransactionManager
2017-11-1611:30:58[org.springframework.test.context.transaction.TransactionContext][main:10365]-[INFO]Began transaction (1) for test context [DefaultTestContext@5d7ca698 testClass = TestGuestDao, testInstance = com.qfedu.lvyou.test.TestGuestDao@75961f16, testMethod = test01@TestGuestDao, testException = [null], mergedContextConfiguration = [MergedContextConfiguration@336880df testClass = TestGuestDao, locations = '{classpath:applicationContext.xml}', classes = '{}', contextInitializerClasses = '[]', activeProfiles = '{}', propertySourceLocations = '{}', propertySourceProperties = '{}', contextLoader = 'org.springframework.test.context.support.DelegatingSmartContextLoader', parent = [null]]]; transaction manager [org.springframework.orm.hibernate5.HibernateTransactionManager@c6c82aa]; rollback [false]
2017-11-1611:30:58[org.hibernate.hql.internal.QueryTranslatorFactoryInitiator][main:10403]-[INFO]HHH000397: Using ASTQueryTranslatorFactory
2017-11-1611:30:59[org.springframework.test.context.TestContextManager][main:10805]-[WARN]Caught exception while allowing TestExecutionListener [org.springframework.test.context.transaction.TransactionalTestExecutionListener@42d80b78] to process 'after' execution for test: method [public void com.qfedu.lvyou.test.TestGuestDao.test01()], instance [com.qfedu.lvyou.test.TestGuestDao@75961f16], exception [javax.persistence.PersistenceException: org.hibernate.HibernateException: identifier of an instance of com.qfedu.lvyou.model.Guest was altered from guest01 to guest02]
org.springframework.transaction.UnexpectedRollbackException: Transaction rolled back because it has been marked as rollback-only
	at org.springframework.transaction.support.AbstractPlatformTransactionManager.commit(AbstractPlatformTransactionManager.java:724)
	at org.springframework.test.context.transaction.TransactionContext.endTransaction(TransactionContext.java:128)
	at org.springframework.test.context.transaction.TransactionalTestExecutionListener.afterTestMethod(TransactionalTestExecutionListener.java:224)
	at org.springframework.test.context.TestContextManager.afterTestMethod(TestContextManager.java:313)
	at org.springframework.test.context.junit4.statements.RunAfterTestMethodCallbacks.evaluate(RunAfterTestMethodCallbacks.java:94)
	at org.springframework.test.context.junit4.statements.SpringRepeat.evaluate(SpringRepeat.java:84)
	at org.junit.runners.ParentRunner.runLeaf(ParentRunner.java:263)
	at org.springframework.test.context.junit4.SpringJUnit4ClassRunner.runChild(SpringJUnit4ClassRunner.java:254)
	at org.springframework.test.context.junit4.SpringJUnit4ClassRunner.runChild(SpringJUnit4ClassRunner.java:89)
	at org.junit.runners.ParentRunner$3.run(ParentRunner.java:231)
	at org.junit.runners.ParentRunner$1.schedule(ParentRunner.java:60)
	at org.junit.runners.ParentRunner.runChildren(ParentRunner.java:229)
	at org.junit.runners.ParentRunner.access$000(ParentRunner.java:50)
	at org.junit.runners.ParentRunner$2.evaluate(ParentRunner.java:222)
	at org.springframework.test.context.junit4.statements.RunBeforeTestClassCallbacks.evaluate(RunBeforeTestClassCallbacks.java:61)
	at org.springframework.test.context.junit4.statements.RunAfterTestClassCallbacks.evaluate(RunAfterTestClassCallbacks.java:70)
	at org.junit.runners.ParentRunner.run(ParentRunner.java:292)
	at org.springframework.test.context.junit4.SpringJUnit4ClassRunner.run(SpringJUnit4ClassRunner.java:193)
	at org.eclipse.jdt.internal.junit4.runner.JUnit4TestReference.run(JUnit4TestReference.java:86)
	at org.eclipse.jdt.internal.junit.runner.TestExecution.run(TestExecution.java:38)
	at org.eclipse.jdt.internal.junit.runner.RemoteTestRunner.runTests(RemoteTestRunner.java:459)
	at org.eclipse.jdt.internal.junit.runner.RemoteTestRunner.runTests(RemoteTestRunner.java:678)
	at org.eclipse.jdt.internal.junit.runner.RemoteTestRunner.run(RemoteTestRunner.java:382)
	at org.eclipse.jdt.internal.junit.runner.RemoteTestRunner.main(RemoteTestRunner.java:192)
2017-11-1611:30:59[org.springframework.context.support.GenericApplicationContext][Thread-6:10844]-[INFO]Closing org.springframework.context.support.GenericApplicationContext@617faa95: startup date [Thu Nov 16 11:30:50 CST 2017]; root of context hierarchy
2017-11-1611:33:52[org.springframework.test.context.support.DefaultTestContextBootstrapper][main:0]-[INFO]Loaded default TestExecutionListener class names from location [META-INF/spring.factories]: [org.springframework.test.context.web.ServletTestExecutionListener, org.springframework.test.context.support.DirtiesContextBeforeModesTestExecutionListener, org.springframework.test.context.support.DependencyInjectionTestExecutionListener, org.springframework.test.context.support.DirtiesContextTestExecutionListener, org.springframework.test.context.transaction.TransactionalTestExecutionListener, org.springframework.test.context.jdbc.SqlScriptsTestExecutionListener]
2017-11-1611:33:52[org.springframework.test.context.support.DefaultTestContextBootstrapper][main:28]-[INFO]Using TestExecutionListeners: [org.springframework.test.context.web.ServletTestExecutionListener@3e6fa38a, org.springframework.test.context.support.DirtiesContextBeforeModesTestExecutionListener@66a3ffec, org.springframework.test.context.support.DependencyInjectionTestExecutionListener@77caeb3e, org.springframework.test.context.support.DirtiesContextTestExecutionListener@1e88b3c, org.springframework.test.context.transaction.TransactionalTestExecutionListener@42d80b78, org.springframework.test.context.jdbc.SqlScriptsTestExecutionListener@3bfdc050]
2017-11-1611:33:52[org.springframework.beans.factory.xml.XmlBeanDefinitionReader][main:172]-[INFO]Loading XML bean definitions from class path resource [applicationContext.xml]
2017-11-1611:33:53[org.springframework.context.support.GenericApplicationContext][main:687]-[INFO]Refreshing org.springframework.context.support.GenericApplicationContext@617faa95: startup date [Thu Nov 16 11:33:53 CST 2017]; root of context hierarchy
2017-11-1611:33:53[org.mybatis.spring.mapper.ClassPathMapperScanner][main:966]-[WARN]No MyBatis mapper was found in '[com.qf.wobb.dao.mybatis]' package. Please check your configuration.
2017-11-1611:33:53[org.springframework.beans.factory.config.PropertyPlaceholderConfigurer][main:983]-[INFO]Loading properties file from class path resource [init.properties]
2017-11-1611:33:54[com.mchange.v2.log.MLog][MLog-Init-Reporter:1253]-[INFO]MLog clients using slf4j logging.
2017-11-1611:33:55[com.mchange.v2.c3p0.C3P0Registry][main:2431]-[INFO]Initializing c3p0-0.9.5-pre10 [built 06-November-2014 02:02:55 -0800; debug? true; trace: 10]
2017-11-1611:33:55[org.hibernate.Version][main:3159]-[INFO]HHH000412: Hibernate Core {5.2.10.Final}
2017-11-1611:33:55[org.hibernate.cfg.Environment][main:3162]-[INFO]HHH000206: hibernate.properties not found
2017-11-1611:33:56[org.hibernate.annotations.common.Version][main:3317]-[INFO]HCANN000001: Hibernate Commons Annotations {5.0.1.Final}
2017-11-1611:33:56[com.mchange.v2.c3p0.impl.AbstractPoolBackedDataSource][main:3550]-[INFO]Initializing c3p0 pool... com.mchange.v2.c3p0.ComboPooledDataSource [ acquireIncrement -> 5, acquireRetryAttempts -> 30, acquireRetryDelay -> 1000, autoCommitOnClose -> false, automaticTestTable -> null, breakAfterAcquireFailure -> false, checkoutTimeout -> 30000, connectionCustomizerClassName -> null, connectionTesterClassName -> com.mchange.v2.c3p0.impl.DefaultConnectionTester, contextClassLoaderSource -> caller, dataSourceName -> 2s6m469r1i2pb3d1kqnvbh|6ca18a14, debugUnreturnedConnectionStackTraces -> false, description -> null, driverClass -> com.mysql.jdbc.Driver, extensions -> {}, factoryClassLocation -> null, forceIgnoreUnresolvedTransactions -> false, forceUseNamedDriverClass -> false, identityToken -> 2s6m469r1i2pb3d1kqnvbh|6ca18a14, idleConnectionTestPeriod -> 30, initialPoolSize -> 5, jdbcUrl -> jdbc:mysql://127.0.0.1:3306/lvyou12?useUnicode=true&characterEncoding=utf-8, maxAdministrativeTaskTime -> 0, maxConnectionAge -> 0, maxIdleTime -> 30, maxIdleTimeExcessConnections -> 0, maxPoolSize -> 20, maxStatements -> 0, maxStatementsPerConnection -> 0, minPoolSize -> 5, numHelperThreads -> 3, preferredTestQuery -> null, privilegeSpawnedThreads -> false, properties -> {user=******, password=******}, propertyCycle -> 0, statementCacheNumDeferredCloseThreads -> 0, testConnectionOnCheckin -> false, testConnectionOnCheckout -> false, unreturnedConnectionTimeout -> 0, userOverrides -> {}, usesTraditionalReflectiveProxies -> false ]
2017-11-1611:33:56[org.hibernate.dialect.Dialect][main:4167]-[INFO]HHH000400: Using dialect: org.hibernate.dialect.MySQL5InnoDBDialect
2017-11-1611:33:57[org.hibernate.engine.jdbc.env.internal.LobCreatorBuilderImpl][main:4247]-[INFO]HHH000423: Disabling contextual LOB creation as JDBC driver reported JDBC version [3] less than 4
2017-11-1611:33:59[org.springframework.orm.hibernate5.HibernateTransactionManager][main:7149]-[INFO]Using DataSource [com.mchange.v2.c3p0.ComboPooledDataSource[ identityToken -> 2s6m469r1i2pb3d1kqnvbh|6ca18a14, dataSourceName -> 2s6m469r1i2pb3d1kqnvbh|6ca18a14 ]] of Hibernate SessionFactory for HibernateTransactionManager
2017-11-1611:34:00[org.springframework.test.context.transaction.TransactionContext][main:7605]-[INFO]Began transaction (1) for test context [DefaultTestContext@5d7ca698 testClass = TestGuestDao, testInstance = com.qfedu.lvyou.test.TestGuestDao@75961f16, testMethod = test01@TestGuestDao, testException = [null], mergedContextConfiguration = [MergedContextConfiguration@336880df testClass = TestGuestDao, locations = '{classpath:applicationContext.xml}', classes = '{}', contextInitializerClasses = '[]', activeProfiles = '{}', propertySourceLocations = '{}', propertySourceProperties = '{}', contextLoader = 'org.springframework.test.context.support.DelegatingSmartContextLoader', parent = [null]]]; transaction manager [org.springframework.orm.hibernate5.HibernateTransactionManager@c6c82aa]; rollback [true]
2017-11-1611:34:00[org.hibernate.hql.internal.QueryTranslatorFactoryInitiator][main:7650]-[INFO]HHH000397: Using ASTQueryTranslatorFactory
2017-11-1611:34:01[org.springframework.test.context.transaction.TransactionContext][main:8431]-[INFO]Rolled back transaction for test context [DefaultTestContext@5d7ca698 testClass = TestGuestDao, testInstance = com.qfedu.lvyou.test.TestGuestDao@75961f16, testMethod = test01@TestGuestDao, testException = javax.persistence.PersistenceException: org.hibernate.HibernateException: identifier of an instance of com.qfedu.lvyou.model.Guest was altered from guest01 to guest02, mergedContextConfiguration = [MergedContextConfiguration@336880df testClass = TestGuestDao, locations = '{classpath:applicationContext.xml}', classes = '{}', contextInitializerClasses = '[]', activeProfiles = '{}', propertySourceLocations = '{}', propertySourceProperties = '{}', contextLoader = 'org.springframework.test.context.support.DelegatingSmartContextLoader', parent = [null]]].
2017-11-1611:34:01[org.springframework.context.support.GenericApplicationContext][Thread-6:8468]-[INFO]Closing org.springframework.context.support.GenericApplicationContext@617faa95: startup date [Thu Nov 16 11:33:53 CST 2017]; root of context hierarchy
2017-11-1611:35:46[org.springframework.test.context.support.DefaultTestContextBootstrapper][main:0]-[INFO]Loaded default TestExecutionListener class names from location [META-INF/spring.factories]: [org.springframework.test.context.web.ServletTestExecutionListener, org.springframework.test.context.support.DirtiesContextBeforeModesTestExecutionListener, org.springframework.test.context.support.DependencyInjectionTestExecutionListener, org.springframework.test.context.support.DirtiesContextTestExecutionListener, org.springframework.test.context.transaction.TransactionalTestExecutionListener, org.springframework.test.context.jdbc.SqlScriptsTestExecutionListener]
2017-11-1611:35:46[org.springframework.test.context.support.DefaultTestContextBootstrapper][main:34]-[INFO]Using TestExecutionListeners: [org.springframework.test.context.web.ServletTestExecutionListener@3e6fa38a, org.springframework.test.context.support.DirtiesContextBeforeModesTestExecutionListener@66a3ffec, org.springframework.test.context.support.DependencyInjectionTestExecutionListener@77caeb3e, org.springframework.test.context.support.DirtiesContextTestExecutionListener@1e88b3c, org.springframework.test.context.transaction.TransactionalTestExecutionListener@42d80b78, org.springframework.test.context.jdbc.SqlScriptsTestExecutionListener@3bfdc050]
2017-11-1611:35:46[org.springframework.beans.factory.xml.XmlBeanDefinitionReader][main:205]-[INFO]Loading XML bean definitions from class path resource [applicationContext.xml]
2017-11-1611:35:46[org.springframework.context.support.GenericApplicationContext][main:707]-[INFO]Refreshing org.springframework.context.support.GenericApplicationContext@617faa95: startup date [Thu Nov 16 11:35:46 CST 2017]; root of context hierarchy
2017-11-1611:35:47[org.mybatis.spring.mapper.ClassPathMapperScanner][main:971]-[WARN]No MyBatis mapper was found in '[com.qf.wobb.dao.mybatis]' package. Please check your configuration.
2017-11-1611:35:47[org.springframework.beans.factory.config.PropertyPlaceholderConfigurer][main:988]-[INFO]Loading properties file from class path resource [init.properties]
2017-11-1611:35:47[com.mchange.v2.log.MLog][MLog-Init-Reporter:1125]-[INFO]MLog clients using slf4j logging.
2017-11-1611:35:47[com.mchange.v2.c3p0.C3P0Registry][main:1470]-[INFO]Initializing c3p0-0.9.5-pre10 [built 06-November-2014 02:02:55 -0800; debug? true; trace: 10]
2017-11-1611:35:48[org.hibernate.Version][main:1782]-[INFO]HHH000412: Hibernate Core {5.2.10.Final}
2017-11-1611:35:48[org.hibernate.cfg.Environment][main:1784]-[INFO]HHH000206: hibernate.properties not found
2017-11-1611:35:48[org.hibernate.annotations.common.Version][main:1858]-[INFO]HCANN000001: Hibernate Commons Annotations {5.0.1.Final}
2017-11-1611:35:48[com.mchange.v2.c3p0.impl.AbstractPoolBackedDataSource][main:2032]-[INFO]Initializing c3p0 pool... com.mchange.v2.c3p0.ComboPooledDataSource [ acquireIncrement -> 5, acquireRetryAttempts -> 30, acquireRetryDelay -> 1000, autoCommitOnClose -> false, automaticTestTable -> null, breakAfterAcquireFailure -> false, checkoutTimeout -> 30000, connectionCustomizerClassName -> null, connectionTesterClassName -> com.mchange.v2.c3p0.impl.DefaultConnectionTester, contextClassLoaderSource -> caller, dataSourceName -> 2s6m469r1i2rqba1jzs9y|6ca18a14, debugUnreturnedConnectionStackTraces -> false, description -> null, driverClass -> com.mysql.jdbc.Driver, extensions -> {}, factoryClassLocation -> null, forceIgnoreUnresolvedTransactions -> false, forceUseNamedDriverClass -> false, identityToken -> 2s6m469r1i2rqba1jzs9y|6ca18a14, idleConnectionTestPeriod -> 30, initialPoolSize -> 5, jdbcUrl -> jdbc:mysql://127.0.0.1:3306/lvyou12?useUnicode=true&characterEncoding=utf-8, maxAdministrativeTaskTime -> 0, maxConnectionAge -> 0, maxIdleTime -> 30, maxIdleTimeExcessConnections -> 0, maxPoolSize -> 20, maxStatements -> 0, maxStatementsPerConnection -> 0, minPoolSize -> 5, numHelperThreads -> 3, preferredTestQuery -> null, privilegeSpawnedThreads -> false, properties -> {user=******, password=******}, propertyCycle -> 0, statementCacheNumDeferredCloseThreads -> 0, testConnectionOnCheckin -> false, testConnectionOnCheckout -> false, unreturnedConnectionTimeout -> 0, userOverrides -> {}, usesTraditionalReflectiveProxies -> false ]
2017-11-1611:35:48[org.hibernate.dialect.Dialect][main:2507]-[INFO]HHH000400: Using dialect: org.hibernate.dialect.MySQL5InnoDBDialect
2017-11-1611:35:48[org.hibernate.engine.jdbc.env.internal.LobCreatorBuilderImpl][main:2564]-[INFO]HHH000423: Disabling contextual LOB creation as JDBC driver reported JDBC version [3] less than 4
2017-11-1611:35:50[org.springframework.orm.hibernate5.HibernateTransactionManager][main:4320]-[INFO]Using DataSource [com.mchange.v2.c3p0.ComboPooledDataSource[ identityToken -> 2s6m469r1i2rqba1jzs9y|6ca18a14, dataSourceName -> 2s6m469r1i2rqba1jzs9y|6ca18a14 ]] of Hibernate SessionFactory for HibernateTransactionManager
2017-11-1611:35:50[org.springframework.test.context.transaction.TransactionContext][main:4605]-[INFO]Began transaction (1) for test context [DefaultTestContext@5d7ca698 testClass = TestGuestDao, testInstance = com.qfedu.lvyou.test.TestGuestDao@75961f16, testMethod = test01@TestGuestDao, testException = [null], mergedContextConfiguration = [MergedContextConfiguration@336880df testClass = TestGuestDao, locations = '{classpath:applicationContext.xml}', classes = '{}', contextInitializerClasses = '[]', activeProfiles = '{}', propertySourceLocations = '{}', propertySourceProperties = '{}', contextLoader = 'org.springframework.test.context.support.DelegatingSmartContextLoader', parent = [null]]]; transaction manager [org.springframework.orm.hibernate5.HibernateTransactionManager@c6c82aa]; rollback [true]
2017-11-1611:35:50[org.hibernate.hql.internal.QueryTranslatorFactoryInitiator][main:4637]-[INFO]HHH000397: Using ASTQueryTranslatorFactory
2017-11-1611:35:51[org.springframework.test.context.transaction.TransactionContext][main:5034]-[INFO]Rolled back transaction for test context [DefaultTestContext@5d7ca698 testClass = TestGuestDao, testInstance = com.qfedu.lvyou.test.TestGuestDao@75961f16, testMethod = test01@TestGuestDao, testException = [null], mergedContextConfiguration = [MergedContextConfiguration@336880df testClass = TestGuestDao, locations = '{classpath:applicationContext.xml}', classes = '{}', contextInitializerClasses = '[]', activeProfiles = '{}', propertySourceLocations = '{}', propertySourceProperties = '{}', contextLoader = 'org.springframework.test.context.support.DelegatingSmartContextLoader', parent = [null]]].
2017-11-1611:35:51[org.springframework.context.support.GenericApplicationContext][Thread-6:5039]-[INFO]Closing org.springframework.context.support.GenericApplicationContext@617faa95: startup date [Thu Nov 16 11:35:46 CST 2017]; root of context hierarchy
2017-11-1611:36:36[org.springframework.test.context.support.DefaultTestContextBootstrapper][main:0]-[INFO]Loaded default TestExecutionListener class names from location [META-INF/spring.factories]: [org.springframework.test.context.web.ServletTestExecutionListener, org.springframework.test.context.support.DirtiesContextBeforeModesTestExecutionListener, org.springframework.test.context.support.DependencyInjectionTestExecutionListener, org.springframework.test.context.support.DirtiesContextTestExecutionListener, org.springframework.test.context.transaction.TransactionalTestExecutionListener, org.springframework.test.context.jdbc.SqlScriptsTestExecutionListener]
2017-11-1611:36:36[org.springframework.test.context.support.DefaultTestContextBootstrapper][main:32]-[INFO]Using TestExecutionListeners: [org.springframework.test.context.web.ServletTestExecutionListener@3e6fa38a, org.springframework.test.context.support.DirtiesContextBeforeModesTestExecutionListener@66a3ffec, org.springframework.test.context.support.DependencyInjectionTestExecutionListener@77caeb3e, org.springframework.test.context.support.DirtiesContextTestExecutionListener@1e88b3c, org.springframework.test.context.transaction.TransactionalTestExecutionListener@42d80b78, org.springframework.test.context.jdbc.SqlScriptsTestExecutionListener@3bfdc050]
2017-11-1611:36:36[org.springframework.beans.factory.xml.XmlBeanDefinitionReader][main:196]-[INFO]Loading XML bean definitions from class path resource [applicationContext.xml]
2017-11-1611:36:36[org.springframework.context.support.GenericApplicationContext][main:699]-[INFO]Refreshing org.springframework.context.support.GenericApplicationContext@617faa95: startup date [Thu Nov 16 11:36:36 CST 2017]; root of context hierarchy
2017-11-1611:36:37[org.mybatis.spring.mapper.ClassPathMapperScanner][main:1001]-[WARN]No MyBatis mapper was found in '[com.qf.wobb.dao.mybatis]' package. Please check your configuration.
2017-11-1611:36:37[org.springframework.beans.factory.config.PropertyPlaceholderConfigurer][main:1020]-[INFO]Loading properties file from class path resource [init.properties]
2017-11-1611:36:37[com.mchange.v2.log.MLog][MLog-Init-Reporter:1219]-[INFO]MLog clients using slf4j logging.
2017-11-1611:36:37[com.mchange.v2.c3p0.C3P0Registry][main:1507]-[INFO]Initializing c3p0-0.9.5-pre10 [built 06-November-2014 02:02:55 -0800; debug? true; trace: 10]
2017-11-1611:36:38[org.hibernate.Version][main:1873]-[INFO]HHH000412: Hibernate Core {5.2.10.Final}
2017-11-1611:36:38[org.hibernate.cfg.Environment][main:1876]-[INFO]HHH000206: hibernate.properties not found
2017-11-1611:36:38[org.hibernate.annotations.common.Version][main:1944]-[INFO]HCANN000001: Hibernate Commons Annotations {5.0.1.Final}
2017-11-1611:36:38[com.mchange.v2.c3p0.impl.AbstractPoolBackedDataSource][main:2113]-[INFO]Initializing c3p0 pool... com.mchange.v2.c3p0.ComboPooledDataSource [ acquireIncrement -> 5, acquireRetryAttempts -> 30, acquireRetryDelay -> 1000, autoCommitOnClose -> false, automaticTestTable -> null, breakAfterAcquireFailure -> false, checkoutTimeout -> 30000, connectionCustomizerClassName -> null, connectionTesterClassName -> com.mchange.v2.c3p0.impl.DefaultConnectionTester, contextClassLoaderSource -> caller, dataSourceName -> 2s6m469r1i2ssvt1y7q8zu|6ca18a14, debugUnreturnedConnectionStackTraces -> false, description -> null, driverClass -> com.mysql.jdbc.Driver, extensions -> {}, factoryClassLocation -> null, forceIgnoreUnresolvedTransactions -> false, forceUseNamedDriverClass -> false, identityToken -> 2s6m469r1i2ssvt1y7q8zu|6ca18a14, idleConnectionTestPeriod -> 30, initialPoolSize -> 5, jdbcUrl -> jdbc:mysql://127.0.0.1:3306/lvyou12?useUnicode=true&characterEncoding=utf-8, maxAdministrativeTaskTime -> 0, maxConnectionAge -> 0, maxIdleTime -> 30, maxIdleTimeExcessConnections -> 0, maxPoolSize -> 20, maxStatements -> 0, maxStatementsPerConnection -> 0, minPoolSize -> 5, numHelperThreads -> 3, preferredTestQuery -> null, privilegeSpawnedThreads -> false, properties -> {user=******, password=******}, propertyCycle -> 0, statementCacheNumDeferredCloseThreads -> 0, testConnectionOnCheckin -> false, testConnectionOnCheckout -> false, unreturnedConnectionTimeout -> 0, userOverrides -> {}, usesTraditionalReflectiveProxies -> false ]
2017-11-1611:36:38[org.hibernate.dialect.Dialect][main:2505]-[INFO]HHH000400: Using dialect: org.hibernate.dialect.MySQL5InnoDBDialect
2017-11-1611:36:38[org.hibernate.engine.jdbc.env.internal.LobCreatorBuilderImpl][main:2572]-[INFO]HHH000423: Disabling contextual LOB creation as JDBC driver reported JDBC version [3] less than 4
2017-11-1611:36:40[org.springframework.orm.hibernate5.HibernateTransactionManager][main:4307]-[INFO]Using DataSource [com.mchange.v2.c3p0.ComboPooledDataSource[ identityToken -> 2s6m469r1i2ssvt1y7q8zu|6ca18a14, dataSourceName -> 2s6m469r1i2ssvt1y7q8zu|6ca18a14 ]] of Hibernate SessionFactory for HibernateTransactionManager
2017-11-1611:36:40[org.springframework.test.context.transaction.TransactionContext][main:4554]-[INFO]Began transaction (1) for test context [DefaultTestContext@5d7ca698 testClass = TestGuestDao, testInstance = com.qfedu.lvyou.test.TestGuestDao@75961f16, testMethod = test01@TestGuestDao, testException = [null], mergedContextConfiguration = [MergedContextConfiguration@336880df testClass = TestGuestDao, locations = '{classpath:applicationContext.xml}', classes = '{}', contextInitializerClasses = '[]', activeProfiles = '{}', propertySourceLocations = '{}', propertySourceProperties = '{}', contextLoader = 'org.springframework.test.context.support.DelegatingSmartContextLoader', parent = [null]]]; transaction manager [org.springframework.orm.hibernate5.HibernateTransactionManager@c6c82aa]; rollback [true]
2017-11-1611:36:40[org.hibernate.hql.internal.QueryTranslatorFactoryInitiator][main:4574]-[INFO]HHH000397: Using ASTQueryTranslatorFactory
2017-11-1611:36:41[org.springframework.test.context.transaction.TransactionContext][main:4905]-[INFO]Rolled back transaction for test context [DefaultTestContext@5d7ca698 testClass = TestGuestDao, testInstance = com.qfedu.lvyou.test.TestGuestDao@75961f16, testMethod = test01@TestGuestDao, testException = javax.persistence.PersistenceException: org.hibernate.HibernateException: identifier of an instance of com.qfedu.lvyou.model.Guest was altered from guest02 to guest03, mergedContextConfiguration = [MergedContextConfiguration@336880df testClass = TestGuestDao, locations = '{classpath:applicationContext.xml}', classes = '{}', contextInitializerClasses = '[]', activeProfiles = '{}', propertySourceLocations = '{}', propertySourceProperties = '{}', contextLoader = 'org.springframework.test.context.support.DelegatingSmartContextLoader', parent = [null]]].
2017-11-1611:36:41[org.springframework.context.support.GenericApplicationContext][Thread-6:4942]-[INFO]Closing org.springframework.context.support.GenericApplicationContext@617faa95: startup date [Thu Nov 16 11:36:36 CST 2017]; root of context hierarchy
2017-11-1611:38:41[org.springframework.test.context.support.DefaultTestContextBootstrapper][main:0]-[INFO]Loaded default TestExecutionListener class names from location [META-INF/spring.factories]: [org.springframework.test.context.web.ServletTestExecutionListener, org.springframework.test.context.support.DirtiesContextBeforeModesTestExecutionListener, org.springframework.test.context.support.DependencyInjectionTestExecutionListener, org.springframework.test.context.support.DirtiesContextTestExecutionListener, org.springframework.test.context.transaction.TransactionalTestExecutionListener, org.springframework.test.context.jdbc.SqlScriptsTestExecutionListener]
2017-11-1611:38:41[org.springframework.test.context.support.DefaultTestContextBootstrapper][main:31]-[INFO]Using TestExecutionListeners: [org.springframework.test.context.web.ServletTestExecutionListener@3e6fa38a, org.springframework.test.context.support.DirtiesContextBeforeModesTestExecutionListener@66a3ffec, org.springframework.test.context.support.DependencyInjectionTestExecutionListener@77caeb3e, org.springframework.test.context.support.DirtiesContextTestExecutionListener@1e88b3c, org.springframework.test.context.transaction.TransactionalTestExecutionListener@42d80b78, org.springframework.test.context.jdbc.SqlScriptsTestExecutionListener@3bfdc050]
2017-11-1611:38:41[org.springframework.beans.factory.xml.XmlBeanDefinitionReader][main:173]-[INFO]Loading XML bean definitions from class path resource [applicationContext.xml]
2017-11-1611:38:41[org.springframework.context.support.GenericApplicationContext][main:685]-[INFO]Refreshing org.springframework.context.support.GenericApplicationContext@617faa95: startup date [Thu Nov 16 11:38:41 CST 2017]; root of context hierarchy
2017-11-1611:38:42[org.mybatis.spring.mapper.ClassPathMapperScanner][main:933]-[WARN]No MyBatis mapper was found in '[com.qf.wobb.dao.mybatis]' package. Please check your configuration.
2017-11-1611:38:42[org.springframework.beans.factory.config.PropertyPlaceholderConfigurer][main:949]-[INFO]Loading properties file from class path resource [init.properties]
2017-11-1611:38:42[com.mchange.v2.log.MLog][MLog-Init-Reporter:1084]-[INFO]MLog clients using slf4j logging.
2017-11-1611:38:42[com.mchange.v2.c3p0.C3P0Registry][main:1428]-[INFO]Initializing c3p0-0.9.5-pre10 [built 06-November-2014 02:02:55 -0800; debug? true; trace: 10]
2017-11-1611:38:43[org.hibernate.Version][main:1936]-[INFO]HHH000412: Hibernate Core {5.2.10.Final}
2017-11-1611:38:43[org.hibernate.cfg.Environment][main:1939]-[INFO]HHH000206: hibernate.properties not found
2017-11-1611:38:43[org.hibernate.annotations.common.Version][main:2038]-[INFO]HCANN000001: Hibernate Commons Annotations {5.0.1.Final}
2017-11-1611:38:43[com.mchange.v2.c3p0.impl.AbstractPoolBackedDataSource][main:2246]-[INFO]Initializing c3p0 pool... com.mchange.v2.c3p0.ComboPooledDataSource [ acquireIncrement -> 5, acquireRetryAttempts -> 30, acquireRetryDelay -> 1000, autoCommitOnClose -> false, automaticTestTable -> null, breakAfterAcquireFailure -> false, checkoutTimeout -> 30000, connectionCustomizerClassName -> null, connectionTesterClassName -> com.mchange.v2.c3p0.impl.DefaultConnectionTester, contextClassLoaderSource -> caller, dataSourceName -> 2s6m469r1i2vh69eu32nd|6ca18a14, debugUnreturnedConnectionStackTraces -> false, description -> null, driverClass -> com.mysql.jdbc.Driver, extensions -> {}, factoryClassLocation -> null, forceIgnoreUnresolvedTransactions -> false, forceUseNamedDriverClass -> false, identityToken -> 2s6m469r1i2vh69eu32nd|6ca18a14, idleConnectionTestPeriod -> 30, initialPoolSize -> 5, jdbcUrl -> jdbc:mysql://127.0.0.1:3306/lvyou12?useUnicode=true&characterEncoding=utf-8, maxAdministrativeTaskTime -> 0, maxConnectionAge -> 0, maxIdleTime -> 30, maxIdleTimeExcessConnections -> 0, maxPoolSize -> 20, maxStatements -> 0, maxStatementsPerConnection -> 0, minPoolSize -> 5, numHelperThreads -> 3, preferredTestQuery -> null, privilegeSpawnedThreads -> false, properties -> {user=******, password=******}, propertyCycle -> 0, statementCacheNumDeferredCloseThreads -> 0, testConnectionOnCheckin -> false, testConnectionOnCheckout -> false, unreturnedConnectionTimeout -> 0, userOverrides -> {}, usesTraditionalReflectiveProxies -> false ]
2017-11-1611:38:43[org.hibernate.dialect.Dialect][main:2611]-[INFO]HHH000400: Using dialect: org.hibernate.dialect.MySQL5InnoDBDialect
2017-11-1611:38:43[org.hibernate.engine.jdbc.env.internal.LobCreatorBuilderImpl][main:2666]-[INFO]HHH000423: Disabling contextual LOB creation as JDBC driver reported JDBC version [3] less than 4
2017-11-1611:38:45[org.springframework.orm.hibernate5.HibernateTransactionManager][main:4396]-[INFO]Using DataSource [com.mchange.v2.c3p0.ComboPooledDataSource[ identityToken -> 2s6m469r1i2vh69eu32nd|6ca18a14, dataSourceName -> 2s6m469r1i2vh69eu32nd|6ca18a14 ]] of Hibernate SessionFactory for HibernateTransactionManager
2017-11-1611:38:45[org.springframework.test.context.transaction.TransactionContext][main:4690]-[INFO]Began transaction (1) for test context [DefaultTestContext@5d7ca698 testClass = TestGuestDao, testInstance = com.qfedu.lvyou.test.TestGuestDao@75961f16, testMethod = test01@TestGuestDao, testException = [null], mergedContextConfiguration = [MergedContextConfiguration@336880df testClass = TestGuestDao, locations = '{classpath:applicationContext.xml}', classes = '{}', contextInitializerClasses = '[]', activeProfiles = '{}', propertySourceLocations = '{}', propertySourceProperties = '{}', contextLoader = 'org.springframework.test.context.support.DelegatingSmartContextLoader', parent = [null]]]; transaction manager [org.springframework.orm.hibernate5.HibernateTransactionManager@c6c82aa]; rollback [false]
2017-11-1611:38:45[org.hibernate.hql.internal.QueryTranslatorFactoryInitiator][main:4718]-[INFO]HHH000397: Using ASTQueryTranslatorFactory
2017-11-1611:38:46[org.springframework.test.context.transaction.TransactionContext][main:5091]-[INFO]Committed transaction for test context [DefaultTestContext@5d7ca698 testClass = TestGuestDao, testInstance = com.qfedu.lvyou.test.TestGuestDao@75961f16, testMethod = test01@TestGuestDao, testException = [null], mergedContextConfiguration = [MergedContextConfiguration@336880df testClass = TestGuestDao, locations = '{classpath:applicationContext.xml}', classes = '{}', contextInitializerClasses = '[]', activeProfiles = '{}', propertySourceLocations = '{}', propertySourceProperties = '{}', contextLoader = 'org.springframework.test.context.support.DelegatingSmartContextLoader', parent = [null]]].
2017-11-1611:38:46[org.springframework.context.support.GenericApplicationContext][Thread-6:5098]-[INFO]Closing org.springframework.context.support.GenericApplicationContext@617faa95: startup date [Thu Nov 16 11:38:41 CST 2017]; root of context hierarchy
2017-11-1613:56:21[org.springframework.test.context.support.DefaultTestContextBootstrapper][main:0]-[INFO]Loaded default TestExecutionListener class names from location [META-INF/spring.factories]: [org.springframework.test.context.web.ServletTestExecutionListener, org.springframework.test.context.support.DirtiesContextBeforeModesTestExecutionListener, org.springframework.test.context.support.DependencyInjectionTestExecutionListener, org.springframework.test.context.support.DirtiesContextTestExecutionListener, org.springframework.test.context.transaction.TransactionalTestExecutionListener, org.springframework.test.context.jdbc.SqlScriptsTestExecutionListener]
2017-11-1613:56:21[org.springframework.test.context.support.DefaultTestContextBootstrapper][main:127]-[INFO]Using TestExecutionListeners: [org.springframework.test.context.web.ServletTestExecutionListener@68c4039c, org.springframework.test.context.support.DirtiesContextBeforeModesTestExecutionListener@ae45eb6, org.springframework.test.context.support.DependencyInjectionTestExecutionListener@59f99ea, org.springframework.test.context.support.DirtiesContextTestExecutionListener@27efef64, org.springframework.test.context.transaction.TransactionalTestExecutionListener@6f7fd0e6, org.springframework.test.context.jdbc.SqlScriptsTestExecutionListener@47c62251]
2017-11-1613:56:22[org.springframework.beans.factory.xml.XmlBeanDefinitionReader][main:639]-[INFO]Loading XML bean definitions from class path resource [applicationContext.xml]
2017-11-1613:56:23[org.springframework.context.support.GenericApplicationContext][main:1659]-[INFO]Refreshing org.springframework.context.support.GenericApplicationContext@55d56113: startup date [Thu Nov 16 13:56:23 CST 2017]; root of context hierarchy
2017-11-1613:56:23[org.mybatis.spring.mapper.ClassPathMapperScanner][main:2092]-[WARN]No MyBatis mapper was found in '[com.qf.wobb.dao.mybatis]' package. Please check your configuration.
2017-11-1613:56:23[org.springframework.beans.factory.config.PropertyPlaceholderConfigurer][main:2104]-[INFO]Loading properties file from class path resource [init.properties]
2017-11-1613:56:23[com.mchange.v2.log.MLog][MLog-Init-Reporter:2543]-[INFO]MLog clients using slf4j logging.
2017-11-1613:56:25[com.mchange.v2.c3p0.C3P0Registry][main:3647]-[INFO]Initializing c3p0-0.9.5-pre10 [built 06-November-2014 02:02:55 -0800; debug? true; trace: 10]
2017-11-1613:56:26[org.hibernate.Version][main:4677]-[INFO]HHH000412: Hibernate Core {5.2.10.Final}
2017-11-1613:56:26[org.hibernate.cfg.Environment][main:4680]-[INFO]HHH000206: hibernate.properties not found
2017-11-1613:56:26[org.hibernate.annotations.common.Version][main:4910]-[INFO]HCANN000001: Hibernate Commons Annotations {5.0.1.Final}
2017-11-1613:56:26[com.mchange.v2.c3p0.impl.AbstractPoolBackedDataSource][main:5317]-[INFO]Initializing c3p0 pool... com.mchange.v2.c3p0.ComboPooledDataSource [ acquireIncrement -> 5, acquireRetryAttempts -> 30, acquireRetryDelay -> 1000, autoCommitOnClose -> false, automaticTestTable -> null, breakAfterAcquireFailure -> false, checkoutTimeout -> 30000, connectionCustomizerClassName -> null, connectionTesterClassName -> com.mchange.v2.c3p0.impl.DefaultConnectionTester, contextClassLoaderSource -> caller, dataSourceName -> 2s6m469r1i7sk7l1uacqdo|35a3d49f, debugUnreturnedConnectionStackTraces -> false, description -> null, driverClass -> com.mysql.jdbc.Driver, extensions -> {}, factoryClassLocation -> null, forceIgnoreUnresolvedTransactions -> false, forceUseNamedDriverClass -> false, identityToken -> 2s6m469r1i7sk7l1uacqdo|35a3d49f, idleConnectionTestPeriod -> 30, initialPoolSize -> 5, jdbcUrl -> jdbc:mysql://127.0.0.1:3306/lvyou12?useUnicode=true&characterEncoding=utf-8, maxAdministrativeTaskTime -> 0, maxConnectionAge -> 0, maxIdleTime -> 30, maxIdleTimeExcessConnections -> 0, maxPoolSize -> 20, maxStatements -> 0, maxStatementsPerConnection -> 0, minPoolSize -> 5, numHelperThreads -> 3, preferredTestQuery -> null, privilegeSpawnedThreads -> false, properties -> {user=******, password=******}, propertyCycle -> 0, statementCacheNumDeferredCloseThreads -> 0, testConnectionOnCheckin -> false, testConnectionOnCheckout -> false, unreturnedConnectionTimeout -> 0, userOverrides -> {}, usesTraditionalReflectiveProxies -> false ]
2017-11-1613:56:27[org.hibernate.dialect.Dialect][main:6060]-[INFO]HHH000400: Using dialect: org.hibernate.dialect.MySQL5InnoDBDialect
2017-11-1613:56:27[org.hibernate.engine.jdbc.env.internal.LobCreatorBuilderImpl][main:6179]-[INFO]HHH000423: Disabling contextual LOB creation as JDBC driver reported JDBC version [3] less than 4
2017-11-1613:56:34[org.springframework.orm.hibernate5.HibernateTransactionManager][main:12969]-[INFO]Using DataSource [com.mchange.v2.c3p0.ComboPooledDataSource[ identityToken -> 2s6m469r1i7sk7l1uacqdo|35a3d49f, dataSourceName -> 2s6m469r1i7sk7l1uacqdo|35a3d49f ]] of Hibernate SessionFactory for HibernateTransactionManager
2017-11-1613:56:35[org.springframework.test.context.transaction.TransactionContext][main:13973]-[INFO]Began transaction (1) for test context [DefaultTestContext@15383681 testClass = TestRoleDao, testInstance = com.qfedu.lvyou.test.TestRoleDao@743e66f7, testMethod = test01@TestRoleDao, testException = [null], mergedContextConfiguration = [MergedContextConfiguration@65753040 testClass = TestRoleDao, locations = '{classpath:applicationContext.xml}', classes = '{}', contextInitializerClasses = '[]', activeProfiles = '{}', propertySourceLocations = '{}', propertySourceProperties = '{}', contextLoader = 'org.springframework.test.context.support.DelegatingSmartContextLoader', parent = [null]]]; transaction manager [org.springframework.orm.hibernate5.HibernateTransactionManager@109a2025]; rollback [false]
2017-11-1613:56:35[org.springframework.test.context.transaction.TransactionContext][main:14375]-[INFO]Committed transaction for test context [DefaultTestContext@15383681 testClass = TestRoleDao, testInstance = com.qfedu.lvyou.test.TestRoleDao@743e66f7, testMethod = test01@TestRoleDao, testException = [null], mergedContextConfiguration = [MergedContextConfiguration@65753040 testClass = TestRoleDao, locations = '{classpath:applicationContext.xml}', classes = '{}', contextInitializerClasses = '[]', activeProfiles = '{}', propertySourceLocations = '{}', propertySourceProperties = '{}', contextLoader = 'org.springframework.test.context.support.DelegatingSmartContextLoader', parent = [null]]].
2017-11-1613:56:35[org.springframework.test.context.transaction.TransactionContext][main:14381]-[INFO]Began transaction (1) for test context [DefaultTestContext@15383681 testClass = TestRoleDao, testInstance = com.qfedu.lvyou.test.TestRoleDao@6920614, testMethod = test02@TestRoleDao, testException = [null], mergedContextConfiguration = [MergedContextConfiguration@65753040 testClass = TestRoleDao, locations = '{classpath:applicationContext.xml}', classes = '{}', contextInitializerClasses = '[]', activeProfiles = '{}', propertySourceLocations = '{}', propertySourceProperties = '{}', contextLoader = 'org.springframework.test.context.support.DelegatingSmartContextLoader', parent = [null]]]; transaction manager [org.springframework.orm.hibernate5.HibernateTransactionManager@109a2025]; rollback [false]
2017-11-1613:56:35[com.qfedu.lvyou.test.TestRoleDao][main:14393]-[INFO]role:
2017-11-1613:56:35[org.springframework.test.context.transaction.TransactionContext][main:14409]-[INFO]Committed transaction for test context [DefaultTestContext@15383681 testClass = TestRoleDao, testInstance = com.qfedu.lvyou.test.TestRoleDao@6920614, testMethod = test02@TestRoleDao, testException = [null], mergedContextConfiguration = [MergedContextConfiguration@65753040 testClass = TestRoleDao, locations = '{classpath:applicationContext.xml}', classes = '{}', contextInitializerClasses = '[]', activeProfiles = '{}', propertySourceLocations = '{}', propertySourceProperties = '{}', contextLoader = 'org.springframework.test.context.support.DelegatingSmartContextLoader', parent = [null]]].
2017-11-1613:56:35[org.springframework.test.context.transaction.TransactionContext][main:14412]-[INFO]Began transaction (1) for test context [DefaultTestContext@15383681 testClass = TestRoleDao, testInstance = com.qfedu.lvyou.test.TestRoleDao@5df778c3, testMethod = test03@TestRoleDao, testException = [null], mergedContextConfiguration = [MergedContextConfiguration@65753040 testClass = TestRoleDao, locations = '{classpath:applicationContext.xml}', classes = '{}', contextInitializerClasses = '[]', activeProfiles = '{}', propertySourceLocations = '{}', propertySourceProperties = '{}', contextLoader = 'org.springframework.test.context.support.DelegatingSmartContextLoader', parent = [null]]]; transaction manager [org.springframework.orm.hibernate5.HibernateTransactionManager@109a2025]; rollback [false]
2017-11-1613:56:35[org.springframework.test.context.transaction.TransactionContext][main:14473]-[INFO]Committed transaction for test context [DefaultTestContext@15383681 testClass = TestRoleDao, testInstance = com.qfedu.lvyou.test.TestRoleDao@5df778c3, testMethod = test03@TestRoleDao, testException = [null], mergedContextConfiguration = [MergedContextConfiguration@65753040 testClass = TestRoleDao, locations = '{classpath:applicationContext.xml}', classes = '{}', contextInitializerClasses = '[]', activeProfiles = '{}', propertySourceLocations = '{}', propertySourceProperties = '{}', contextLoader = 'org.springframework.test.context.support.DelegatingSmartContextLoader', parent = [null]]].
2017-11-1613:56:35[org.springframework.test.context.transaction.TransactionContext][main:14479]-[INFO]Began transaction (1) for test context [DefaultTestContext@15383681 testClass = TestRoleDao, testInstance = com.qfedu.lvyou.test.TestRoleDao@3dffc764, testMethod = test04@TestRoleDao, testException = [null], mergedContextConfiguration = [MergedContextConfiguration@65753040 testClass = TestRoleDao, locations = '{classpath:applicationContext.xml}', classes = '{}', contextInitializerClasses = '[]', activeProfiles = '{}', propertySourceLocations = '{}', propertySourceProperties = '{}', contextLoader = 'org.springframework.test.context.support.DelegatingSmartContextLoader', parent = [null]]]; transaction manager [org.springframework.orm.hibernate5.HibernateTransactionManager@109a2025]; rollback [false]
2017-11-1613:56:35[org.springframework.test.context.transaction.TransactionContext][main:14527]-[INFO]Committed transaction for test context [DefaultTestContext@15383681 testClass = TestRoleDao, testInstance = com.qfedu.lvyou.test.TestRoleDao@3dffc764, testMethod = test04@TestRoleDao, testException = java.lang.NullPointerException, mergedContextConfiguration = [MergedContextConfiguration@65753040 testClass = TestRoleDao, locations = '{classpath:applicationContext.xml}', classes = '{}', contextInitializerClasses = '[]', activeProfiles = '{}', propertySourceLocations = '{}', propertySourceProperties = '{}', contextLoader = 'org.springframework.test.context.support.DelegatingSmartContextLoader', parent = [null]]].
2017-11-1613:56:35[org.springframework.context.support.GenericApplicationContext][Thread-6:14554]-[INFO]Closing org.springframework.context.support.GenericApplicationContext@55d56113: startup date [Thu Nov 16 13:56:23 CST 2017]; root of context hierarchy
